[2020-09-01 13:57:09] local.ERROR: chmod(): Operation not permitted {"exception":"[object] (ErrorException(code: 0): chmod(): Operation not permitted at /mnt/d/Workspace/laragon/www/ciliatus/vendor/laravel/framework/src/Illuminate/Filesystem/Filesystem.php:155)
[stacktrace]
#0 [internal function]: Illuminate\\Foundation\\Bootstrap\\HandleExceptions->handleError()
#1 /mnt/d/Workspace/laragon/www/ciliatus/vendor/laravel/framework/src/Illuminate/Filesystem/Filesystem.php(155): chmod()
#2 /mnt/d/Workspace/laragon/www/ciliatus/vendor/laravel/framework/src/Illuminate/Foundation/PackageManifest.php(181): Illuminate\\Filesystem\\Filesystem->replace()
#3 /mnt/d/Workspace/laragon/www/ciliatus/vendor/laravel/framework/src/Illuminate/Foundation/PackageManifest.php(136): Illuminate\\Foundation\\PackageManifest->write()
#4 /mnt/d/Workspace/laragon/www/ciliatus/vendor/laravel/framework/src/Illuminate/Foundation/PackageManifest.php(106): Illuminate\\Foundation\\PackageManifest->build()
#5 /mnt/d/Workspace/laragon/www/ciliatus/vendor/laravel/framework/src/Illuminate/Foundation/PackageManifest.php(89): Illuminate\\Foundation\\PackageManifest->getManifest()
#6 /mnt/d/Workspace/laragon/www/ciliatus/vendor/laravel/framework/src/Illuminate/Foundation/PackageManifest.php(78): Illuminate\\Foundation\\PackageManifest->config()
#7 /mnt/d/Workspace/laragon/www/ciliatus/vendor/laravel/framework/src/Illuminate/Foundation/Bootstrap/RegisterFacades.php(26): Illuminate\\Foundation\\PackageManifest->aliases()
#8 /mnt/d/Workspace/laragon/www/ciliatus/vendor/laravel/framework/src/Illuminate/Foundation/Application.php(230): Illuminate\\Foundation\\Bootstrap\\RegisterFacades->bootstrap()
#9 /mnt/d/Workspace/laragon/www/ciliatus/vendor/laravel/framework/src/Illuminate/Foundation/Console/Kernel.php(310): Illuminate\\Foundation\\Application->bootstrapWith()
#10 /mnt/d/Workspace/laragon/www/ciliatus/vendor/laravel/framework/src/Illuminate/Foundation/Console/Kernel.php(127): Illuminate\\Foundation\\Console\\Kernel->bootstrap()
#11 /mnt/d/Workspace/laragon/www/ciliatus/artisan(37): Illuminate\\Foundation\\Console\\Kernel->handle()
#12 {main}
"} 
[2020-09-02 09:31:55] local.ERROR: require(/mnt/d/Workspace/laragon/www/ciliatus/app/Providers../Ciliatus/Api/Http/routes.php): failed to open stream: No such file or directory {"exception":"[object] (ErrorException(code: 0): require(/mnt/d/Workspace/laragon/www/ciliatus/app/Providers../Ciliatus/Api/Http/routes.php): failed to open stream: No such file or directory at /mnt/d/Workspace/laragon/www/ciliatus/vendor/laravel/framework/src/Illuminate/Support/ServiceProvider.php:83)
[stacktrace]
#0 /mnt/d/Workspace/laragon/www/ciliatus/vendor/laravel/framework/src/Illuminate/Support/ServiceProvider.php(83): Illuminate\\Foundation\\Bootstrap\\HandleExceptions->handleError()
#1 /mnt/d/Workspace/laragon/www/ciliatus/vendor/laravel/framework/src/Illuminate/Support/ServiceProvider.php(83): require()
#2 /mnt/d/Workspace/laragon/www/ciliatus/app/Providers/CiliatusServiceProvider.php(44): Illuminate\\Support\\ServiceProvider->loadRoutesFrom()
#3 /mnt/d/Workspace/laragon/www/ciliatus/app/Providers/CiliatusServiceProvider.php(34): App\\Providers\\CiliatusServiceProvider->routes()
#4 [internal function]: App\\Providers\\CiliatusServiceProvider->boot()
#5 /mnt/d/Workspace/laragon/www/ciliatus/vendor/laravel/framework/src/Illuminate/Container/BoundMethod.php(37): call_user_func_array()
#6 /mnt/d/Workspace/laragon/www/ciliatus/vendor/laravel/framework/src/Illuminate/Container/Util.php(37): Illuminate\\Container\\BoundMethod::Illuminate\\Container\\{closure}()
#7 /mnt/d/Workspace/laragon/www/ciliatus/vendor/laravel/framework/src/Illuminate/Container/BoundMethod.php(95): Illuminate\\Container\\Util::unwrapIfClosure()
#8 /mnt/d/Workspace/laragon/www/ciliatus/vendor/laravel/framework/src/Illuminate/Container/BoundMethod.php(39): Illuminate\\Container\\BoundMethod::callBoundMethod()
#9 /mnt/d/Workspace/laragon/www/ciliatus/vendor/laravel/framework/src/Illuminate/Container/Container.php(596): Illuminate\\Container\\BoundMethod::call()
#10 /mnt/d/Workspace/laragon/www/ciliatus/vendor/laravel/framework/src/Illuminate/Foundation/Application.php(867): Illuminate\\Container\\Container->call()
#11 /mnt/d/Workspace/laragon/www/ciliatus/vendor/laravel/framework/src/Illuminate/Foundation/Application.php(850): Illuminate\\Foundation\\Application->bootProvider()
#12 [internal function]: Illuminate\\Foundation\\Application->Illuminate\\Foundation\\{closure}()
#13 /mnt/d/Workspace/laragon/www/ciliatus/vendor/laravel/framework/src/Illuminate/Foundation/Application.php(851): array_walk()
#14 /mnt/d/Workspace/laragon/www/ciliatus/vendor/laravel/framework/src/Illuminate/Foundation/Bootstrap/BootProviders.php(17): Illuminate\\Foundation\\Application->boot()
#15 /mnt/d/Workspace/laragon/www/ciliatus/vendor/laravel/framework/src/Illuminate/Foundation/Application.php(230): Illuminate\\Foundation\\Bootstrap\\BootProviders->bootstrap()
#16 /mnt/d/Workspace/laragon/www/ciliatus/vendor/laravel/framework/src/Illuminate/Foundation/Console/Kernel.php(310): Illuminate\\Foundation\\Application->bootstrapWith()
#17 /mnt/d/Workspace/laragon/www/ciliatus/vendor/laravel/framework/src/Illuminate/Foundation/Console/Kernel.php(127): Illuminate\\Foundation\\Console\\Kernel->bootstrap()
#18 /mnt/d/Workspace/laragon/www/ciliatus/artisan(37): Illuminate\\Foundation\\Console\\Kernel->handle()
#19 {main}
"} 
[2020-09-02 09:33:44] local.ERROR: Undefined variable: controller_namespace {"exception":"[object] (ErrorException(code: 0): Undefined variable: controller_namespace at /mnt/d/Workspace/laragon/www/ciliatus/app/Ciliatus/Api/Http/routes.php:5)
[stacktrace]
#0 /mnt/d/Workspace/laragon/www/ciliatus/app/Ciliatus/Api/Http/routes.php(5): Illuminate\\Foundation\\Bootstrap\\HandleExceptions->handleError()
#1 /mnt/d/Workspace/laragon/www/ciliatus/vendor/laravel/framework/src/Illuminate/Support/ServiceProvider.php(83): require('/mnt/d/Workspac...')
#2 /mnt/d/Workspace/laragon/www/ciliatus/app/Providers/CiliatusServiceProvider.php(44): Illuminate\\Support\\ServiceProvider->loadRoutesFrom()
#3 /mnt/d/Workspace/laragon/www/ciliatus/app/Providers/CiliatusServiceProvider.php(34): App\\Providers\\CiliatusServiceProvider->routes()
#4 [internal function]: App\\Providers\\CiliatusServiceProvider->boot()
#5 /mnt/d/Workspace/laragon/www/ciliatus/vendor/laravel/framework/src/Illuminate/Container/BoundMethod.php(37): call_user_func_array()
#6 /mnt/d/Workspace/laragon/www/ciliatus/vendor/laravel/framework/src/Illuminate/Container/Util.php(37): Illuminate\\Container\\BoundMethod::Illuminate\\Container\\{closure}()
#7 /mnt/d/Workspace/laragon/www/ciliatus/vendor/laravel/framework/src/Illuminate/Container/BoundMethod.php(95): Illuminate\\Container\\Util::unwrapIfClosure()
#8 /mnt/d/Workspace/laragon/www/ciliatus/vendor/laravel/framework/src/Illuminate/Container/BoundMethod.php(39): Illuminate\\Container\\BoundMethod::callBoundMethod()
#9 /mnt/d/Workspace/laragon/www/ciliatus/vendor/laravel/framework/src/Illuminate/Container/Container.php(596): Illuminate\\Container\\BoundMethod::call()
#10 /mnt/d/Workspace/laragon/www/ciliatus/vendor/laravel/framework/src/Illuminate/Foundation/Application.php(867): Illuminate\\Container\\Container->call()
#11 /mnt/d/Workspace/laragon/www/ciliatus/vendor/laravel/framework/src/Illuminate/Foundation/Application.php(850): Illuminate\\Foundation\\Application->bootProvider()
#12 [internal function]: Illuminate\\Foundation\\Application->Illuminate\\Foundation\\{closure}()
#13 /mnt/d/Workspace/laragon/www/ciliatus/vendor/laravel/framework/src/Illuminate/Foundation/Application.php(851): array_walk()
#14 /mnt/d/Workspace/laragon/www/ciliatus/vendor/laravel/framework/src/Illuminate/Foundation/Bootstrap/BootProviders.php(17): Illuminate\\Foundation\\Application->boot()
#15 /mnt/d/Workspace/laragon/www/ciliatus/vendor/laravel/framework/src/Illuminate/Foundation/Application.php(230): Illuminate\\Foundation\\Bootstrap\\BootProviders->bootstrap()
#16 /mnt/d/Workspace/laragon/www/ciliatus/vendor/laravel/framework/src/Illuminate/Foundation/Console/Kernel.php(310): Illuminate\\Foundation\\Application->bootstrapWith()
#17 /mnt/d/Workspace/laragon/www/ciliatus/vendor/laravel/framework/src/Illuminate/Foundation/Console/Kernel.php(127): Illuminate\\Foundation\\Console\\Kernel->bootstrap()
#18 /mnt/d/Workspace/laragon/www/ciliatus/artisan(37): Illuminate\\Foundation\\Console\\Kernel->handle()
#19 {main}
"} 
[2020-09-02 09:34:42] local.ERROR: Undefined variable: controller_namespace {"exception":"[object] (ErrorException(code: 0): Undefined variable: controller_namespace at /mnt/d/Workspace/laragon/www/ciliatus/app/Ciliatus/Automation/Http/routes.php:5)
[stacktrace]
#0 /mnt/d/Workspace/laragon/www/ciliatus/app/Ciliatus/Automation/Http/routes.php(5): Illuminate\\Foundation\\Bootstrap\\HandleExceptions->handleError()
#1 /mnt/d/Workspace/laragon/www/ciliatus/vendor/laravel/framework/src/Illuminate/Support/ServiceProvider.php(83): require('/mnt/d/Workspac...')
#2 /mnt/d/Workspace/laragon/www/ciliatus/app/Providers/CiliatusServiceProvider.php(44): Illuminate\\Support\\ServiceProvider->loadRoutesFrom()
#3 /mnt/d/Workspace/laragon/www/ciliatus/app/Providers/CiliatusServiceProvider.php(34): App\\Providers\\CiliatusServiceProvider->routes()
#4 [internal function]: App\\Providers\\CiliatusServiceProvider->boot()
#5 /mnt/d/Workspace/laragon/www/ciliatus/vendor/laravel/framework/src/Illuminate/Container/BoundMethod.php(37): call_user_func_array()
#6 /mnt/d/Workspace/laragon/www/ciliatus/vendor/laravel/framework/src/Illuminate/Container/Util.php(37): Illuminate\\Container\\BoundMethod::Illuminate\\Container\\{closure}()
#7 /mnt/d/Workspace/laragon/www/ciliatus/vendor/laravel/framework/src/Illuminate/Container/BoundMethod.php(95): Illuminate\\Container\\Util::unwrapIfClosure()
#8 /mnt/d/Workspace/laragon/www/ciliatus/vendor/laravel/framework/src/Illuminate/Container/BoundMethod.php(39): Illuminate\\Container\\BoundMethod::callBoundMethod()
#9 /mnt/d/Workspace/laragon/www/ciliatus/vendor/laravel/framework/src/Illuminate/Container/Container.php(596): Illuminate\\Container\\BoundMethod::call()
#10 /mnt/d/Workspace/laragon/www/ciliatus/vendor/laravel/framework/src/Illuminate/Foundation/Application.php(867): Illuminate\\Container\\Container->call()
#11 /mnt/d/Workspace/laragon/www/ciliatus/vendor/laravel/framework/src/Illuminate/Foundation/Application.php(850): Illuminate\\Foundation\\Application->bootProvider()
#12 [internal function]: Illuminate\\Foundation\\Application->Illuminate\\Foundation\\{closure}()
#13 /mnt/d/Workspace/laragon/www/ciliatus/vendor/laravel/framework/src/Illuminate/Foundation/Application.php(851): array_walk()
#14 /mnt/d/Workspace/laragon/www/ciliatus/vendor/laravel/framework/src/Illuminate/Foundation/Bootstrap/BootProviders.php(17): Illuminate\\Foundation\\Application->boot()
#15 /mnt/d/Workspace/laragon/www/ciliatus/vendor/laravel/framework/src/Illuminate/Foundation/Application.php(230): Illuminate\\Foundation\\Bootstrap\\BootProviders->bootstrap()
#16 /mnt/d/Workspace/laragon/www/ciliatus/vendor/laravel/framework/src/Illuminate/Foundation/Console/Kernel.php(310): Illuminate\\Foundation\\Application->bootstrapWith()
#17 /mnt/d/Workspace/laragon/www/ciliatus/vendor/laravel/framework/src/Illuminate/Foundation/Console/Kernel.php(127): Illuminate\\Foundation\\Console\\Kernel->bootstrap()
#18 /mnt/d/Workspace/laragon/www/ciliatus/artisan(37): Illuminate\\Foundation\\Console\\Kernel->handle()
#19 {main}
"} 
[2020-09-02 09:34:59] local.ERROR: Command "dump-autoload" is not defined. {"exception":"[object] (Symfony\\Component\\Console\\Exception\\CommandNotFoundException(code: 0): Command \"dump-autoload\" is not defined. at /mnt/d/Workspace/laragon/www/ciliatus/vendor/symfony/console/Application.php:644)
[stacktrace]
#0 /mnt/d/Workspace/laragon/www/ciliatus/vendor/symfony/console/Application.php(228): Symfony\\Component\\Console\\Application->find()
#1 /mnt/d/Workspace/laragon/www/ciliatus/vendor/symfony/console/Application.php(140): Symfony\\Component\\Console\\Application->doRun()
#2 /mnt/d/Workspace/laragon/www/ciliatus/vendor/laravel/framework/src/Illuminate/Console/Application.php(93): Symfony\\Component\\Console\\Application->run()
#3 /mnt/d/Workspace/laragon/www/ciliatus/vendor/laravel/framework/src/Illuminate/Foundation/Console/Kernel.php(129): Illuminate\\Console\\Application->run()
#4 /mnt/d/Workspace/laragon/www/ciliatus/artisan(37): Illuminate\\Foundation\\Console\\Kernel->handle()
#5 {main}
"} 
[2020-09-02 09:35:02] local.ERROR: Command "dumpautoload" is not defined. {"exception":"[object] (Symfony\\Component\\Console\\Exception\\CommandNotFoundException(code: 0): Command \"dumpautoload\" is not defined. at /mnt/d/Workspace/laragon/www/ciliatus/vendor/symfony/console/Application.php:644)
[stacktrace]
#0 /mnt/d/Workspace/laragon/www/ciliatus/vendor/symfony/console/Application.php(228): Symfony\\Component\\Console\\Application->find()
#1 /mnt/d/Workspace/laragon/www/ciliatus/vendor/symfony/console/Application.php(140): Symfony\\Component\\Console\\Application->doRun()
#2 /mnt/d/Workspace/laragon/www/ciliatus/vendor/laravel/framework/src/Illuminate/Console/Application.php(93): Symfony\\Component\\Console\\Application->run()
#3 /mnt/d/Workspace/laragon/www/ciliatus/vendor/laravel/framework/src/Illuminate/Foundation/Console/Kernel.php(129): Illuminate\\Console\\Application->run()
#4 /mnt/d/Workspace/laragon/www/ciliatus/artisan(37): Illuminate\\Foundation\\Console\\Kernel->handle()
#5 {main}
"} 
